2025-12-05 13:34:50 +0000 - dagster - DEBUG - mag7_intel_daily_job - 0ca20e10-038b-4845-bc9c-4c6d8a102330 - 6366 - LOGS_CAPTURED - Started capturing logs in process (pid: 6366).
2025-12-05 13:34:50 +0000 - dagster - DEBUG - mag7_intel_daily_job - 0ca20e10-038b-4845-bc9c-4c6d8a102330 - 6366 - stg_stock_prices - STEP_START - Started execution of step "stg_stock_prices".
2025-12-05 13:34:50 +0000 - dagster - INFO - mag7_intel_daily_job - 0ca20e10-038b-4845-bc9c-4c6d8a102330 - stg_stock_prices - Running dbt: stg_stock_prices+
2025-12-05 13:35:15 +0000 - dagster - INFO - mag7_intel_daily_job - 0ca20e10-038b-4845-bc9c-4c6d8a102330 - stg_stock_prices - [0m13:34:54  Running with dbt=1.10.15
[0m13:35:00  Registered adapter: bigquery=1.10.3
[0m13:35:02  [[33mWARNING[0m]: Configuration paths exist in your dbt_project.yml file which do not apply to any resources.
There are 1 unused configuration paths:
- models.mag7_intel.example
[0m13:35:02  Found 8 models, 2 seeds, 15 data tests, 10 sources, 520 macros
[0m13:35:02  
[0m13:35:02  Concurrency: 4 threads (target='dev')
[0m13:35:02  
[0m13:35:03  1 of 6 START sql incremental model mag7_intel_staging.news_gkg ................. [RUN]
[0m13:35:03  2 of 6 START sql incremental model mag7_intel_staging.news_headlines ........... [RUN]
[0m13:35:03  3 of 6 START sql incremental model mag7_intel_staging.stock_prices_all ......... [RUN]
[0m13:35:09  2 of 6 OK created sql incremental model mag7_intel_staging.news_headlines ...... [[32mMERGE (441.0 rows, 2.3 MiB processed)[0m in 5.54s]
[0m13:35:10  3 of 6 OK created sql incremental model mag7_intel_staging.stock_prices_all .... [[32mMERGE (22.0 rows, 2.7 MiB processed)[0m in 6.18s]
[0m13:35:10  4 of 6 START sql view model mag7_intel_staging.stock_prices_index .............. [RUN]
[0m13:35:10  5 of 6 START sql view model mag7_intel_staging.stock_prices_mag7 ............... [RUN]
[0m13:35:10  6 of 6 START sql view model mag7_intel_staging.stock_prices_vix ................ [RUN]
[0m13:35:10  1 of 6 OK created sql incremental model mag7_intel_staging.news_gkg ............ [[32mMERGE (0.0 rows, 310.6 GiB processed)[0m in 6.79s]
[0m13:35:11  4 of 6 OK created sql view model mag7_intel_staging.stock_prices_index ......... [[32mCREATE VIEW (0 processed)[0m in 1.35s]
[0m13:35:11  6 of 6 OK created sql view model mag7_intel_staging.stock_prices_vix ........... [[32mCREATE VIEW (0 processed)[0m in 1.66s]
[0m13:35:11  5 of 6 OK created sql view model mag7_intel_staging.stock_prices_mag7 .......... [[32mCREATE VIEW (0 processed)[0m in 1.74s]
[0m13:35:11  
[0m13:35:11  Finished running 3 incremental models, 3 view models in 0 hours 0 minutes and 9.30 seconds (9.30s).
[0m13:35:11  
[0m13:35:11  [32mCompleted successfully[0m
[0m13:35:11  
[0m13:35:11  Done. PASS=6 WARN=0 ERROR=0 SKIP=0 NO-OP=0 TOTAL=6

2025-12-05 13:35:15 +0000 - dagster - DEBUG - mag7_intel_daily_job - 0ca20e10-038b-4845-bc9c-4c6d8a102330 - 6366 - stg_stock_prices - STEP_OUTPUT - Yielded output "result" of type "Nothing". (Type check passed).
2025-12-05 13:35:15 +0000 - dagster - DEBUG - mag7_intel_daily_job - 0ca20e10-038b-4845-bc9c-4c6d8a102330 - 6366 - stg_stock_prices - ASSET_MATERIALIZATION - Materialized value stg_stock_prices.
2025-12-05 13:35:15 +0000 - dagster - DEBUG - mag7_intel_daily_job - 0ca20e10-038b-4845-bc9c-4c6d8a102330 - 6366 - stg_stock_prices - STEP_SUCCESS - Finished execution of step "stg_stock_prices" in 25.35s.
